2021-09-07 21:59:50 - 

 Traceback (most recent call last):
  File "C:\Users\utente\Documents\GitHub\Instawers-Booster\main.py", line 202, in main
    notification_button.click()
  File "C:\Users\utente\Envs\instawers-booster\lib\site-packages\selenium\webdriver\remote\webelement.py", line 80, in click
    self._execute(Command.CLICK_ELEMENT)
  File "C:\Users\utente\Envs\instawers-booster\lib\site-packages\selenium\webdriver\remote\webelement.py", line 633, in _execute
    return self._parent.execute(command, params)
  File "C:\Users\utente\Envs\instawers-booster\lib\site-packages\selenium\webdriver\remote\webdriver.py", line 321, in execute
    self.error_handler.check_response(response)
  File "C:\Users\utente\Envs\instawers-booster\lib\site-packages\selenium\webdriver\remote\errorhandler.py", line 242, in check_response
    raise exception_class(message, screen, stacktrace)
selenium.common.exceptions.ElementClickInterceptedException: Message: element click intercepted: Element <button class="sqdOP yWX7d    y3zKF     " type="button">...</button> is not clickable at point (518, 368). Other element would receive the click: <div class="_7UhW9   xLCgt      MMzan  KV-D4          uL8Hv         ">...</div>
  (Session info: chrome=92.0.4515.159)

 


2021-09-07 21:59:50 - 

 element click intercepted: Element <button class="sqdOP yWX7d    y3zKF     " type="button">...</button> is not clickable at point (518, 368). Other element would receive the click: <div class="_7UhW9   xLCgt      MMzan  KV-D4          uL8Hv         ">...</div> 


2021-09-07 22:00:15 - 

 Traceback (most recent call last):
  File "C:\Users\utente\Documents\GitHub\Instawers-Booster\main.py", line 115, in main
    user_form = i.check_element(By.NAME, "username")
  File "C:\Users\utente\Documents\GitHub\Instawers-Booster\src\interface.py", line 55, in check_element
    return WebDriverWait(self.driver, 10).until(
  File "C:\Users\utente\Envs\instawers-booster\lib\site-packages\selenium\webdriver\support\wait.py", line 80, in until
    raise TimeoutException(message, screen, stacktrace)
selenium.common.exceptions.TimeoutException: Message: 

 


2021-09-07 22:02:34 - 

 Traceback (most recent call last):
  File "C:\Users\utente\Documents\GitHub\Instawers-Booster\main.py", line 202, in main
    notification_button.click()
  File "C:\Users\utente\Envs\instawers-booster\lib\site-packages\selenium\webdriver\remote\webelement.py", line 80, in click
    self._execute(Command.CLICK_ELEMENT)
  File "C:\Users\utente\Envs\instawers-booster\lib\site-packages\selenium\webdriver\remote\webelement.py", line 633, in _execute
    return self._parent.execute(command, params)
  File "C:\Users\utente\Envs\instawers-booster\lib\site-packages\selenium\webdriver\remote\webdriver.py", line 321, in execute
    self.error_handler.check_response(response)
  File "C:\Users\utente\Envs\instawers-booster\lib\site-packages\selenium\webdriver\remote\errorhandler.py", line 242, in check_response
    raise exception_class(message, screen, stacktrace)
selenium.common.exceptions.ElementClickInterceptedException: Message: element click intercepted: Element <button class="sqdOP yWX7d    y3zKF     " type="button">...</button> is not clickable at point (518, 368). Other element would receive the click: <div class="_7UhW9   xLCgt      MMzan  KV-D4          uL8Hv         ">...</div>
  (Session info: chrome=92.0.4515.159)

 


2021-09-07 22:02:34 - 

 element click intercepted: Element <button class="sqdOP yWX7d    y3zKF     " type="button">...</button> is not clickable at point (518, 368). Other element would receive the click: <div class="_7UhW9   xLCgt      MMzan  KV-D4          uL8Hv         ">...</div> 


2021-09-07 22:04:53 - 

 Traceback (most recent call last):
  File "C:\Users\utente\Documents\GitHub\Instawers-Booster\main.py", line 202, in main
    notification_button.click()
  File "C:\Users\utente\Envs\instawers-booster\lib\site-packages\selenium\webdriver\remote\webelement.py", line 80, in click
    self._execute(Command.CLICK_ELEMENT)
  File "C:\Users\utente\Envs\instawers-booster\lib\site-packages\selenium\webdriver\remote\webelement.py", line 633, in _execute
    return self._parent.execute(command, params)
  File "C:\Users\utente\Envs\instawers-booster\lib\site-packages\selenium\webdriver\remote\webdriver.py", line 321, in execute
    self.error_handler.check_response(response)
  File "C:\Users\utente\Envs\instawers-booster\lib\site-packages\selenium\webdriver\remote\errorhandler.py", line 242, in check_response
    raise exception_class(message, screen, stacktrace)
selenium.common.exceptions.ElementClickInterceptedException: Message: element click intercepted: Element <button class="sqdOP yWX7d    y3zKF     " type="button">...</button> is not clickable at point (518, 368). Other element would receive the click: <div class="_7UhW9   xLCgt      MMzan  KV-D4          uL8Hv         ">...</div>
  (Session info: chrome=92.0.4515.159)

 


2021-09-07 22:04:53 - 

 element click intercepted: Element <button class="sqdOP yWX7d    y3zKF     " type="button">...</button> is not clickable at point (518, 368). Other element would receive the click: <div class="_7UhW9   xLCgt      MMzan  KV-D4          uL8Hv         ">...</div> 


2021-09-07 22:06:23 - 

 Traceback (most recent call last):
  File "C:\Users\utente\Documents\GitHub\Instawers-Booster\main.py", line 197, in main
    cookies_button = i.check_element(By.XPATH, i.XPATH_cookies2_button)
  File "C:\Users\utente\Documents\GitHub\Instawers-Booster\src\interface.py", line 56, in check_element
    return WebDriverWait(self.driver, 10).until(
  File "C:\Users\utente\Envs\instawers-booster\lib\site-packages\selenium\webdriver\support\wait.py", line 80, in until
    raise TimeoutException(message, screen, stacktrace)
selenium.common.exceptions.TimeoutException: Message: 

 


