

utente: gabriele_caldi -- 2021-04-22 12:47:31
Ora di inizio:  2021-04-22 12:47:31 
effettuato il login a:  gabriele_caldi -- 2021-04-22 12:47:31
2021-04-22 12:47:33  cookie accettati -- 2021-04-22 12:47:33
2021-04-22 12:47:35  credenziali inviate -- 2021-04-22 12:47:35
2021-04-22 12:47:40 pulsante notifica cliccato -- 2021-04-22 12:47:40


utente: gabriele_caldi -- 2021-04-22 12:50:09
Ora di inizio:  2021-04-22 12:50:09 
effettuato il login a:  gabriele_caldi -- 2021-04-22 12:50:09
2021-04-22 12:50:11  cookie accettati -- 2021-04-22 12:50:11
2021-04-22 12:50:12  credenziali inviate -- 2021-04-22 12:50:12
2021-04-22 12:50:17 pulsante notifica cliccato -- 2021-04-22 12:50:17
2021-04-22 12:50:21 follow button cliccato -- 2021-04-22 12:50:21


utente: gabriele_caldi -- 2021-04-22 12:51:38
Ora di inizio:  2021-04-22 12:51:38 
effettuato il login a:  gabriele_caldi -- 2021-04-22 12:51:38
2021-04-22 12:51:40  cookie accettati -- 2021-04-22 12:51:40
2021-04-22 12:51:41  credenziali inviate -- 2021-04-22 12:51:41
2021-04-22 12:51:47 pulsante notifica cliccato -- 2021-04-22 12:51:47
2021-04-22 12:51:52 follow button cliccato -- 2021-04-22 12:51:52
2021-04-22 12:53:30 fine countdown -- 2021-04-22 12:53:30
2021-04-22 12:53:30 unfollow button cliccato -- 2021-04-22 12:53:30
2021-04-22 12:53:30 Non seguire piu button cliccato -- 2021-04-22 12:53:30
2021-04-22 12:53:32 follow button cliccato -- 2021-04-22 12:53:32
2021-04-22 12:55:32 fine countdown -- 2021-04-22 12:55:32
2021-04-22 12:55:32 unfollow button cliccato -- 2021-04-22 12:55:32
2021-04-22 12:55:33 Non seguire piu button cliccato -- 2021-04-22 12:55:33
2021-04-22 12:55:35 follow button cliccato -- 2021-04-22 12:55:35
2021-04-22 12:57:06 fine countdown -- 2021-04-22 12:57:06
2021-04-22 12:57:06 unfollow button cliccato -- 2021-04-22 12:57:06
2021-04-22 12:57:07 Non seguire piu button cliccato -- 2021-04-22 12:57:07
2021-04-22 12:57:09 follow button cliccato -- 2021-04-22 12:57:09
2021-04-22 12:58:41 fine countdown -- 2021-04-22 12:58:41
2021-04-22 12:58:41 unfollow button cliccato -- 2021-04-22 12:58:41
2021-04-22 12:58:41 Non seguire piu button cliccato -- 2021-04-22 12:58:41
2021-04-22 12:58:43 follow button cliccato -- 2021-04-22 12:58:43
2021-04-22 13:00:20 fine countdown -- 2021-04-22 13:00:20
2021-04-22 13:00:20 unfollow button cliccato -- 2021-04-22 13:00:20
2021-04-22 13:00:21 Non seguire piu button cliccato -- 2021-04-22 13:00:21
2021-04-22 13:00:23 follow button cliccato -- 2021-04-22 13:00:23
2021-04-22 13:02:14 fine countdown -- 2021-04-22 13:02:14
2021-04-22 13:02:14 unfollow button cliccato -- 2021-04-22 13:02:14
2021-04-22 13:02:15 Non seguire piu button cliccato -- 2021-04-22 13:02:15
2021-04-22 13:02:17 follow button cliccato -- 2021-04-22 13:02:17
2021-04-22 13:04:13 fine countdown -- 2021-04-22 13:04:13
2021-04-22 13:04:13 unfollow button cliccato -- 2021-04-22 13:04:13
2021-04-22 13:04:13 Non seguire piu button cliccato -- 2021-04-22 13:04:13
2021-04-22 13:04:15 follow button cliccato -- 2021-04-22 13:04:15
2021-04-22 13:05:46 fine countdown -- 2021-04-22 13:05:46
2021-04-22 13:05:46 unfollow button cliccato -- 2021-04-22 13:05:47
2021-04-22 13:05:47 Non seguire piu button cliccato -- 2021-04-22 13:05:47
2021-04-22 13:05:49 follow button cliccato -- 2021-04-22 13:05:49
2021-04-22 13:07:27 fine countdown -- 2021-04-22 13:07:27
2021-04-22 13:07:27 unfollow button cliccato -- 2021-04-22 13:07:27
2021-04-22 13:07:28 Non seguire piu button cliccato -- 2021-04-22 13:07:28
2021-04-22 13:07:30 follow button cliccato -- 2021-04-22 13:07:30
2021-04-22 13:09:06 fine countdown -- 2021-04-22 13:09:06
2021-04-22 13:09:06 unfollow button cliccato -- 2021-04-22 13:09:06
2021-04-22 13:09:06 Non seguire piu button cliccato -- 2021-04-22 13:09:06
2021-04-22 13:09:09 follow button cliccato -- 2021-04-22 13:09:09
2021-04-22 13:11:06 fine countdown -- 2021-04-22 13:11:06
2021-04-22 13:11:06 unfollow button cliccato -- 2021-04-22 13:11:06
2021-04-22 13:11:06 Non seguire piu button cliccato -- 2021-04-22 13:11:06
2021-04-22 13:11:08 follow button cliccato -- 2021-04-22 13:11:08
2021-04-22 13:12:57 fine countdown -- 2021-04-22 13:12:57
2021-04-22 13:12:57 unfollow button cliccato -- 2021-04-22 13:12:57
2021-04-22 13:12:58 Non seguire piu button cliccato -- 2021-04-22 13:12:58
2021-04-22 13:13:00 follow button cliccato -- 2021-04-22 13:13:00
2021-04-22 13:14:44 fine countdown -- 2021-04-22 13:14:44
2021-04-22 13:14:44 unfollow button cliccato -- 2021-04-22 13:14:44
2021-04-22 13:14:45 Non seguire piu button cliccato -- 2021-04-22 13:14:45
2021-04-22 13:14:47 follow button cliccato -- 2021-04-22 13:14:47
2021-04-22 13:16:36 fine countdown -- 2021-04-22 13:16:36
2021-04-22 13:16:36 unfollow button cliccato -- 2021-04-22 13:16:36
2021-04-22 13:16:36 Non seguire piu button cliccato -- 2021-04-22 13:16:36
2021-04-22 13:16:38 follow button cliccato -- 2021-04-22 13:16:38
2021-04-22 13:18:12 fine countdown -- 2021-04-22 13:18:12
2021-04-22 13:18:12 unfollow button cliccato -- 2021-04-22 13:18:12
2021-04-22 13:18:13 Non seguire piu button cliccato -- 2021-04-22 13:18:13
2021-04-22 13:18:15 follow button cliccato -- 2021-04-22 13:18:15
2021-04-22 13:19:59 fine countdown -- 2021-04-22 13:19:59
2021-04-22 13:19:59 unfollow button cliccato -- 2021-04-22 13:19:59
2021-04-22 13:20:00 Non seguire piu button cliccato -- 2021-04-22 13:20:00
2021-04-22 13:20:02 follow button cliccato -- 2021-04-22 13:20:02
2021-04-22 13:21:59 fine countdown -- 2021-04-22 13:21:59
2021-04-22 13:21:59 unfollow button cliccato -- 2021-04-22 13:21:59
2021-04-22 13:21:59 Non seguire piu button cliccato -- 2021-04-22 13:21:59
2021-04-22 13:22:01 follow button cliccato -- 2021-04-22 13:22:01
2021-04-22 13:23:53 fine countdown -- 2021-04-22 13:23:53
2021-04-22 13:23:53 unfollow button cliccato -- 2021-04-22 13:23:53
2021-04-22 13:23:54 Non seguire piu button cliccato -- 2021-04-22 13:23:54
2021-04-22 13:23:56 follow button cliccato -- 2021-04-22 13:23:56
2021-04-22 13:25:38 fine countdown -- 2021-04-22 13:25:38
2021-04-22 13:25:38 unfollow button cliccato -- 2021-04-22 13:25:38
2021-04-22 13:25:39 Non seguire piu button cliccato -- 2021-04-22 13:25:39
2021-04-22 13:25:41 follow button cliccato -- 2021-04-22 13:25:41


utente: gabriele_caldi -- 2021-04-22 14:34:08
Ora di inizio:  2021-04-22 14:34:08 
effettuato il login a:  gabriele_caldi -- 2021-04-22 14:34:08
2021-04-22 14:34:10  cookie accettati -- 2021-04-22 14:34:10
2021-04-22 14:34:12  credenziali inviate -- 2021-04-22 14:34:12
2021-04-22 14:34:19 pulsante notifica cliccato -- 2021-04-22 14:34:19


utente: gabriele_caldi -- 2021-04-22 14:34:52
Ora di inizio:  2021-04-22 14:34:52 
effettuato il login a:  gabriele_caldi -- 2021-04-22 14:34:52
2021-04-22 14:34:54  cookie accettati -- 2021-04-22 14:34:54
2021-04-22 14:34:56  credenziali inviate -- 2021-04-22 14:34:56
2021-04-22 14:35:03 pulsante notifica cliccato -- 2021-04-22 14:35:03
2021-04-22 14:35:10 follow button cliccato -- 2021-04-22 14:35:10
2021-04-22 14:37:06 fine countdown -- 2021-04-22 14:37:06
2021-04-22 14:37:06 unfollow button cliccato -- 2021-04-22 14:37:06
2021-04-22 14:37:07 Non seguire piu button cliccato -- 2021-04-22 14:37:07
2021-04-22 14:37:09 follow button cliccato -- 2021-04-22 14:37:09
2021-04-22 14:38:44 fine countdown -- 2021-04-22 14:38:44
2021-04-22 14:38:44 unfollow button cliccato -- 2021-04-22 14:38:44
2021-04-22 14:38:45 Non seguire piu button cliccato -- 2021-04-22 14:38:45
2021-04-22 14:38:47 follow button cliccato -- 2021-04-22 14:38:47
2021-04-22 14:40:46 fine countdown -- 2021-04-22 14:40:46
2021-04-22 14:40:46 unfollow button cliccato -- 2021-04-22 14:40:46
2021-04-22 14:40:46 Non seguire piu button cliccato -- 2021-04-22 14:40:46
2021-04-22 14:40:49 follow button cliccato -- 2021-04-22 14:40:49
2021-04-22 14:42:24 fine countdown -- 2021-04-22 14:42:24


utente: gabriele_caldi -- 2021-04-22 19:21:50
Ora di inizio:  2021-04-22 19:21:50 
effettuato il login a:  gabriele_caldi -- 2021-04-22 19:21:50
2021-04-22 19:21:52  cookie accettati -- 2021-04-22 19:21:52
2021-04-22 19:21:54  credenziali inviate -- 2021-04-22 19:21:54
2021-04-22 19:21:58 pulsante notifica cliccato -- 2021-04-22 19:21:58
Ora di inizio:  2021-04-23 08:17:37 
effettuato il login a:  gabriele_caldi -- 2021-04-23 08:17:37
2021-04-23 08:17:39  cookie accettati -- 2021-04-23 08:17:39
2021-04-23 08:17:40  credenziali inviate -- 2021-04-23 08:17:40
2021-04-23 08:17:49 pulsante notifica cliccato -- 2021-04-23 08:17:49
Ora di inizio:  2021-04-23 08:18:38 
effettuato il login a:  gabriele_caldi -- 2021-04-23 08:18:38
2021-04-23 08:18:40  cookie accettati -- 2021-04-23 08:18:40
2021-04-23 08:18:41  credenziali inviate -- 2021-04-23 08:18:41
2021-04-23 08:18:47 pulsante notifica cliccato -- 2021-04-23 08:18:47
2021-04-23 08:19:02 errore: elemento non trovato -- 2021-04-23 08:19:02
Ora di inizio:  2021-04-23 08:22:00 
effettuato il login a:  gabriele_caldi -- 2021-04-23 08:22:00
2021-04-23 08:22:02  cookie accettati -- 2021-04-23 08:22:02
2021-04-23 08:22:03  credenziali inviate -- 2021-04-23 08:22:03
2021-04-23 08:22:12 pulsante notifica cliccato -- 2021-04-23 08:22:12
2021-04-23 08:22:26 errore: elemento non trovato -- 2021-04-23 08:22:26
Ora di inizio:  2021-04-23 08:22:46 
effettuato il login a:  gabriele_caldi -- 2021-04-23 08:22:46
2021-04-23 08:22:48  cookie accettati -- 2021-04-23 08:22:48
2021-04-23 08:22:49  credenziali inviate -- 2021-04-23 08:22:49
2021-04-23 08:22:56 pulsante notifica cliccato -- 2021-04-23 08:22:56
2021-04-23 08:23:11 errore: elemento non trovato -- 2021-04-23 08:23:11
Ora di inizio:  2021-04-23 08:24:22 
effettuato il login a:  gabriele_caldi -- 2021-04-23 08:24:22
2021-04-23 08:24:24  cookie accettati -- 2021-04-23 08:24:24
2021-04-23 08:24:26  credenziali inviate -- 2021-04-23 08:24:26
2021-04-23 08:24:33 pulsante notifica cliccato -- 2021-04-23 08:24:33
2021-04-23 08:24:48 errore: elemento non trovato -- 2021-04-23 08:24:48
Ora di inizio:  2021-04-23 08:25:13 
effettuato il login a:  gabriele_caldi -- 2021-04-23 08:25:13
2021-04-23 08:25:15  cookie accettati -- 2021-04-23 08:25:15
2021-04-23 08:25:16  credenziali inviate -- 2021-04-23 08:25:16
2021-04-23 08:25:24 pulsante notifica cliccato -- 2021-04-23 08:25:24
2021-04-23 08:25:39 follow button cliccato -- 2021-04-23 08:25:39
2021-04-23 08:27:16 fine countdown -- 2021-04-23 08:27:16
2021-04-23 08:27:16 unfollow button cliccato -- 2021-04-23 08:27:16
2021-04-23 08:27:16 Non seguire piu button cliccato -- 2021-04-23 08:27:16
2021-04-23 08:27:19 follow button cliccato -- 2021-04-23 08:27:19
2021-04-23 08:29:04 fine countdown -- 2021-04-23 08:29:04
2021-04-23 08:29:04 unfollow button cliccato -- 2021-04-23 08:29:04
2021-04-23 08:29:04 Non seguire piu button cliccato -- 2021-04-23 08:29:04
2021-04-23 08:29:06 follow button cliccato -- 2021-04-23 08:29:06
2021-04-23 08:30:44 fine countdown -- 2021-04-23 08:30:44
2021-04-23 08:30:44 unfollow button cliccato -- 2021-04-23 08:30:44
2021-04-23 08:30:45 Non seguire piu button cliccato -- 2021-04-23 08:30:45
2021-04-23 08:30:47 follow button cliccato -- 2021-04-23 08:30:47
2021-04-23 08:32:40 fine countdown -- 2021-04-23 08:32:40
2021-04-23 08:32:40 unfollow button cliccato -- 2021-04-23 08:32:40
2021-04-23 08:32:41 Non seguire piu button cliccato -- 2021-04-23 08:32:41
2021-04-23 08:32:43 follow button cliccato -- 2021-04-23 08:32:43
2021-04-23 08:34:20 fine countdown -- 2021-04-23 08:34:20
2021-04-23 08:34:20 unfollow button cliccato -- 2021-04-23 08:34:20
2021-04-23 08:34:20 Non seguire piu button cliccato -- 2021-04-23 08:34:20
2021-04-23 08:34:22 follow button cliccato -- 2021-04-23 08:34:22
2021-04-23 08:35:54 fine countdown -- 2021-04-23 08:35:54
2021-04-23 08:35:54 unfollow button cliccato -- 2021-04-23 08:35:54
2021-04-23 08:35:55 Non seguire piu button cliccato -- 2021-04-23 08:35:55
2021-04-23 08:35:57 follow button cliccato -- 2021-04-23 08:35:57
2021-04-23 08:37:43 fine countdown -- 2021-04-23 08:37:43
2021-04-23 08:37:43 unfollow button cliccato -- 2021-04-23 08:37:43
2021-04-23 08:37:44 Non seguire piu button cliccato -- 2021-04-23 08:37:44
2021-04-23 08:37:46 follow button cliccato -- 2021-04-23 08:37:46
Ora di inizio:  2021-04-23 08:38:52 
effettuato il login a:  gabriele_caldi -- 2021-04-23 08:38:52
2021-04-23 08:38:54  cookie accettati -- 2021-04-23 08:38:54
2021-04-23 08:38:55  credenziali inviate -- 2021-04-23 08:38:55
2021-04-23 08:39:03 pulsante notifica cliccato -- 2021-04-23 08:39:03
2021-04-23 08:39:27 fine countdown -- 2021-04-23 08:39:27
2021-04-23 08:39:27 unfollow button cliccato -- 2021-04-23 08:39:27
2021-04-23 08:39:27 Non seguire piu button cliccato -- 2021-04-23 08:39:27
2021-04-23 08:39:29 follow button cliccato -- 2021-04-23 08:39:29
2021-04-23 08:41:26 fine countdown -- 2021-04-23 08:41:26
2021-04-23 08:41:26 unfollow button cliccato -- 2021-04-23 08:41:26
2021-04-23 08:41:27 Non seguire piu button cliccato -- 2021-04-23 08:41:27
2021-04-23 08:41:29 follow button cliccato -- 2021-04-23 08:41:29
2021-04-23 08:43:29 fine countdown -- 2021-04-23 08:43:29
2021-04-23 08:43:29 unfollow button cliccato -- 2021-04-23 08:43:29
2021-04-23 08:43:30 Non seguire piu button cliccato -- 2021-04-23 08:43:30
2021-04-23 08:43:32 follow button cliccato -- 2021-04-23 08:43:32
2021-04-23 08:45:30 fine countdown -- 2021-04-23 08:45:30
2021-04-23 08:45:40 errore: elemento non trovato -- 2021-04-23 08:45:40
Ora di inizio:  2021-04-23 08:52:46 
effettuato il login a:  ciccio_ciccio02 -- 2021-04-23 08:52:46
2021-04-23 08:52:46  cookie accettati -- 2021-04-23 08:52:46
2021-04-23 08:52:47  credenziali inviate -- 2021-04-23 08:52:47
Ora di inizio:  2021-04-23 08:55:46 
effettuato il login a:  ciccio_ciccio02 -- 2021-04-23 08:55:46
2021-04-23 08:55:46  cookie accettati -- 2021-04-23 08:55:46
2021-04-23 08:55:47  credenziali inviate -- 2021-04-23 08:55:47
Ora di inizio:  2021-04-23 08:57:03 
effettuato il login a:  ciccio_ciccio02 -- 2021-04-23 08:57:03
2021-04-23 08:57:03  cookie accettati -- 2021-04-23 08:57:03
2021-04-23 08:57:04  credenziali inviate -- 2021-04-23 08:57:04
Ora di inizio:  2021-04-23 08:59:39 
effettuato il login a:  ciccio_ciccio02 -- 2021-04-23 08:59:39
2021-04-23 08:59:39  cookie accettati -- 2021-04-23 08:59:39
2021-04-23 08:59:40  credenziali inviate -- 2021-04-23 08:59:40
2021-04-23 08:59:46 pulsante notifica cliccato -- 2021-04-23 08:59:46
2021-04-23 08:59:48 unfollow button cliccato -- 2021-04-23 08:59:48
2021-04-23 08:59:48 Non seguire piu button cliccato -- 2021-04-23 08:59:48
2021-04-23 08:59:49 follow button cliccato -- 2021-04-23 08:59:49
2021-04-23 09:01:20 fine countdown -- 2021-04-23 09:01:20
2021-04-23 09:01:20 unfollow button cliccato -- 2021-04-23 09:01:20
2021-04-23 09:01:20 Non seguire piu button cliccato -- 2021-04-23 09:01:20
2021-04-23 09:01:20 follow button cliccato -- 2021-04-23 09:01:20
Ora di inizio:  2021-04-23 09:03:05 
effettuato il login a:  gabriele_caldi -- 2021-04-23 09:03:05
2021-04-23 09:03:05  cookie accettati -- 2021-04-23 09:03:05
2021-04-23 09:03:06  credenziali inviate -- 2021-04-23 09:03:06
2021-04-23 09:03:12 fine countdown -- 2021-04-23 09:03:12
2021-04-23 09:03:13 pulsante notifica cliccato -- 2021-04-23 09:03:13
2021-04-23 09:03:16 unfollow button cliccato -- 2021-04-23 09:03:16
2021-04-23 09:03:16 Non seguire piu button cliccato -- 2021-04-23 09:03:16
2021-04-23 09:03:17 follow button cliccato -- 2021-04-23 09:03:17
2021-04-23 09:05:16 fine countdown -- 2021-04-23 09:05:16
2021-04-23 09:05:16 unfollow button cliccato -- 2021-04-23 09:05:16
2021-04-23 09:05:16 Non seguire piu button cliccato -- 2021-04-23 09:05:16
2021-04-23 09:05:16 follow button cliccato -- 2021-04-23 09:05:16
2021-04-23 09:07:16 fine countdown -- 2021-04-23 09:07:16
2021-04-23 09:07:26 errore: elemento non trovato -- 2021-04-23 09:07:26
2021-04-23 09:07:46 errore: elemento non trovato -- 2021-04-23 09:07:46
2021-04-23 09:08:06 errore: elemento non trovato -- 2021-04-23 09:08:06
2021-04-23 09:08:26 errore: elemento non trovato -- 2021-04-23 09:08:26
2021-04-23 09:08:46 errore: elemento non trovato -- 2021-04-23 09:08:46
2021-04-23 09:09:06 errore: elemento non trovato -- 2021-04-23 09:09:06
2021-04-23 09:09:26 errore: elemento non trovato -- 2021-04-23 09:09:26
2021-04-23 09:09:46 errore: elemento non trovato -- 2021-04-23 09:09:46
2021-04-23 09:10:06 errore: elemento non trovato -- 2021-04-23 09:10:06
2021-04-23 09:10:26 errore: elemento non trovato -- 2021-04-23 09:10:26
Ora di inizio:  2021-04-23 09:10:37 
effettuato il login a:  gabriele_caldi -- 2021-04-23 09:10:37
2021-04-23 09:10:37  cookie accettati -- 2021-04-23 09:10:37
2021-04-23 09:10:37  credenziali inviate -- 2021-04-23 09:10:37
2021-04-23 09:10:45 pulsante notifica cliccato -- 2021-04-23 09:10:45
Ora di inizio:  2021-04-23 09:11:54 
effettuato il login a:  gabriele_caldi -- 2021-04-23 09:11:54
2021-04-23 09:11:54  cookie accettati -- 2021-04-23 09:11:54
2021-04-23 09:11:55  credenziali inviate -- 2021-04-23 09:11:55
2021-04-23 09:12:03 pulsante notifica cliccato -- 2021-04-23 09:12:03
Ora di inizio:  2021-04-23 09:12:36 
effettuato il login a:  gabriele_caldi -- 2021-04-23 09:12:36
2021-04-23 09:12:36  cookie accettati -- 2021-04-23 09:12:36
2021-04-23 09:12:37  credenziali inviate -- 2021-04-23 09:12:37
2021-04-23 09:12:45 pulsante notifica cliccato -- 2021-04-23 09:12:45
Ora di inizio:  2021-04-23 09:14:31 
effettuato il login a:  gabriele_caldi -- 2021-04-23 09:14:31
2021-04-23 09:14:31  cookie accettati -- 2021-04-23 09:14:31
2021-04-23 09:14:33  credenziali inviate -- 2021-04-23 09:14:33
2021-04-23 09:14:39 pulsante notifica cliccato -- 2021-04-23 09:14:39
2021-04-23 09:14:52 follow button cliccato -- 2021-04-23 09:14:52
Ora di inizio:  2021-04-23 09:16:21 
effettuato il login a:  gabriele_caldi -- 2021-04-23 09:16:21
2021-04-23 09:16:21  cookie accettati -- 2021-04-23 09:16:21
2021-04-23 09:16:22  credenziali inviate -- 2021-04-23 09:16:22
2021-04-23 09:16:30 pulsante notifica cliccato -- 2021-04-23 09:16:30
2021-04-23 09:16:33 unfollow button cliccato -- 2021-04-23 09:16:33
2021-04-23 09:16:33 Non seguire piu button cliccato -- 2021-04-23 09:16:33
2021-04-23 09:16:33 follow button cliccato -- 2021-04-23 09:16:33
2021-04-23 09:18:18 fine countdown -- 2021-04-23 09:18:18
2021-04-23 09:18:18 unfollow button cliccato -- 2021-04-23 09:18:18
2021-04-23 09:18:18 Non seguire piu button cliccato -- 2021-04-23 09:18:18
2021-04-23 09:18:18 follow button cliccato -- 2021-04-23 09:18:18
2021-04-23 09:20:09 fine countdown -- 2021-04-23 09:20:09
2021-04-23 09:20:19 errore: elemento non trovato -- 2021-04-23 09:20:19
Ora di inizio:  2021-04-23 09:21:59 
effettuato il login a:  gabriele_caldi -- 2021-04-23 09:21:59
2021-04-23 09:21:59  cookie accettati -- 2021-04-23 09:21:59
2021-04-23 09:22:00  credenziali inviate -- 2021-04-23 09:22:00
2021-04-23 09:22:07 pulsante notifica cliccato -- 2021-04-23 09:22:07
2021-04-23 09:22:21 follow button cliccato -- 2021-04-23 09:22:21
2021-04-23 09:24:06 fine countdown -- 2021-04-23 09:24:06
2021-04-23 09:24:06 unfollow button cliccato -- 2021-04-23 09:24:06
2021-04-23 09:24:06 Non seguire piu button cliccato -- 2021-04-23 09:24:06
2021-04-23 09:24:06 follow button cliccato -- 2021-04-23 09:24:06
2021-04-23 09:25:51 fine countdown -- 2021-04-23 09:25:51
2021-04-23 09:26:01 errore: elemento non trovato -- 2021-04-23 09:26:01
2021-04-23 09:26:12 follow button cliccato -- 2021-04-23 09:26:12
2021-04-23 09:27:56 fine countdown -- 2021-04-23 09:27:56
2021-04-23 09:28:06 errore: elemento non trovato -- 2021-04-23 09:28:06
2021-04-23 09:28:17 follow button cliccato -- 2021-04-23 09:28:17
2021-04-23 09:29:59 fine countdown -- 2021-04-23 09:29:59
2021-04-23 09:29:59 unfollow button cliccato -- 2021-04-23 09:29:59
2021-04-23 09:30:10 errore: elemento non trovato -- 2021-04-23 09:30:10
2021-04-23 09:30:10 unfollow button cliccato -- 2021-04-23 09:30:10
2021-04-23 09:30:20 errore: elemento non trovato -- 2021-04-23 09:30:20
2021-04-23 09:30:21 unfollow button cliccato -- 2021-04-23 09:30:21
2021-04-23 09:30:31 errore: elemento non trovato -- 2021-04-23 09:30:31
2021-04-23 09:30:31 unfollow button cliccato -- 2021-04-23 09:30:31
2021-04-23 09:30:42 errore: elemento non trovato -- 2021-04-23 09:30:42
2021-04-23 09:30:42 unfollow button cliccato -- 2021-04-23 09:30:42
2021-04-23 09:30:52 errore: elemento non trovato -- 2021-04-23 09:30:52
2021-04-23 09:30:53 unfollow button cliccato -- 2021-04-23 09:30:53
2021-04-23 09:31:03 errore: elemento non trovato -- 2021-04-23 09:31:03
2021-04-23 09:31:03 unfollow button cliccato -- 2021-04-23 09:31:03
2021-04-23 09:31:14 errore: elemento non trovato -- 2021-04-23 09:31:14
2021-04-23 09:31:14 unfollow button cliccato -- 2021-04-23 09:31:14
2021-04-23 09:31:25 errore: elemento non trovato -- 2021-04-23 09:31:25
2021-04-23 09:31:25 unfollow button cliccato -- 2021-04-23 09:31:25
2021-04-23 09:31:36 errore: elemento non trovato -- 2021-04-23 09:31:36
2021-04-23 09:31:36 unfollow button cliccato -- 2021-04-23 09:31:36
2021-04-23 09:31:46 errore: elemento non trovato -- 2021-04-23 09:31:46
2021-04-23 09:31:46 unfollow button cliccato -- 2021-04-23 09:31:46
2021-04-23 09:31:57 errore: elemento non trovato -- 2021-04-23 09:31:57
2021-04-23 09:31:57 unfollow button cliccato -- 2021-04-23 09:31:57
2021-04-23 09:32:08 errore: elemento non trovato -- 2021-04-23 09:32:08
2021-04-23 09:32:08 unfollow button cliccato -- 2021-04-23 09:32:08
2021-04-23 09:32:19 errore: elemento non trovato -- 2021-04-23 09:32:19
2021-04-23 09:32:19 unfollow button cliccato -- 2021-04-23 09:32:19
2021-04-23 09:32:30 errore: elemento non trovato -- 2021-04-23 09:32:30
2021-04-23 09:32:30 unfollow button cliccato -- 2021-04-23 09:32:30
2021-04-23 09:32:40 errore: elemento non trovato -- 2021-04-23 09:32:40
2021-04-23 09:32:41 unfollow button cliccato -- 2021-04-23 09:32:41
2021-04-23 09:32:51 errore: elemento non trovato -- 2021-04-23 09:32:51
2021-04-23 09:32:51 unfollow button cliccato -- 2021-04-23 09:32:51
2021-04-23 09:33:02 errore: elemento non trovato -- 2021-04-23 09:33:02
2021-04-23 09:33:02 unfollow button cliccato -- 2021-04-23 09:33:02
2021-04-23 09:33:13 errore: elemento non trovato -- 2021-04-23 09:33:13
2021-04-23 09:33:13 unfollow button cliccato -- 2021-04-23 09:33:13
2021-04-23 09:33:23 errore: elemento non trovato -- 2021-04-23 09:33:23
2021-04-23 09:33:24 unfollow button cliccato -- 2021-04-23 09:33:24
2021-04-23 09:33:34 errore: elemento non trovato -- 2021-04-23 09:33:34
2021-04-23 09:33:34 unfollow button cliccato -- 2021-04-23 09:33:34
2021-04-23 09:33:45 errore: elemento non trovato -- 2021-04-23 09:33:45
2021-04-23 09:33:45 unfollow button cliccato -- 2021-04-23 09:33:45
2021-04-23 09:33:56 errore: elemento non trovato -- 2021-04-23 09:33:56
2021-04-23 09:33:56 unfollow button cliccato -- 2021-04-23 09:33:56
2021-04-23 09:34:06 errore: elemento non trovato -- 2021-04-23 09:34:06
2021-04-23 09:34:06 unfollow button cliccato -- 2021-04-23 09:34:06
2021-04-23 09:34:17 errore: elemento non trovato -- 2021-04-23 09:34:17
2021-04-23 09:34:17 unfollow button cliccato -- 2021-04-23 09:34:17
2021-04-23 09:34:28 errore: elemento non trovato -- 2021-04-23 09:34:28
2021-04-23 09:34:28 unfollow button cliccato -- 2021-04-23 09:34:28
2021-04-23 09:34:39 errore: elemento non trovato -- 2021-04-23 09:34:39
2021-04-23 09:34:39 unfollow button cliccato -- 2021-04-23 09:34:39
2021-04-23 09:34:49 errore: elemento non trovato -- 2021-04-23 09:34:49
2021-04-23 09:34:50 unfollow button cliccato -- 2021-04-23 09:34:50
2021-04-23 09:35:00 errore: elemento non trovato -- 2021-04-23 09:35:00
2021-04-23 09:35:00 unfollow button cliccato -- 2021-04-23 09:35:00
2021-04-23 09:35:11 errore: elemento non trovato -- 2021-04-23 09:35:11
2021-04-23 09:35:11 unfollow button cliccato -- 2021-04-23 09:35:11
2021-04-23 09:35:21 errore: elemento non trovato -- 2021-04-23 09:35:21
2021-04-23 09:35:22 unfollow button cliccato -- 2021-04-23 09:35:22
2021-04-23 09:35:32 errore: elemento non trovato -- 2021-04-23 09:35:32
2021-04-23 09:35:32 unfollow button cliccato -- 2021-04-23 09:35:32
2021-04-23 09:35:43 errore: elemento non trovato -- 2021-04-23 09:35:43
2021-04-23 09:35:43 unfollow button cliccato -- 2021-04-23 09:35:43
2021-04-23 09:35:54 errore: elemento non trovato -- 2021-04-23 09:35:54
2021-04-23 09:35:54 unfollow button cliccato -- 2021-04-23 09:35:54
2021-04-23 09:36:05 errore: elemento non trovato -- 2021-04-23 09:36:05
2021-04-23 09:36:05 unfollow button cliccato -- 2021-04-23 09:36:05
2021-04-23 09:36:15 errore: elemento non trovato -- 2021-04-23 09:36:15
2021-04-23 09:36:16 unfollow button cliccato -- 2021-04-23 09:36:16
2021-04-23 09:36:26 errore: elemento non trovato -- 2021-04-23 09:36:26
2021-04-23 09:36:26 unfollow button cliccato -- 2021-04-23 09:36:26
2021-04-23 09:36:37 errore: elemento non trovato -- 2021-04-23 09:36:37
2021-04-23 09:36:37 unfollow button cliccato -- 2021-04-23 09:36:37
2021-04-23 09:36:48 errore: elemento non trovato -- 2021-04-23 09:36:48
2021-04-23 09:36:48 unfollow button cliccato -- 2021-04-23 09:36:48
2021-04-23 09:36:59 errore: elemento non trovato -- 2021-04-23 09:36:59
2021-04-23 09:36:59 unfollow button cliccato -- 2021-04-23 09:36:59
2021-04-23 09:37:10 errore: elemento non trovato -- 2021-04-23 09:37:10
2021-04-23 09:37:10 unfollow button cliccato -- 2021-04-23 09:37:10
2021-04-23 09:37:20 errore: elemento non trovato -- 2021-04-23 09:37:20
2021-04-23 09:37:21 unfollow button cliccato -- 2021-04-23 09:37:21
2021-04-23 09:37:31 errore: elemento non trovato -- 2021-04-23 09:37:31
2021-04-23 09:37:31 unfollow button cliccato -- 2021-04-23 09:37:31
2021-04-23 09:37:42 errore: elemento non trovato -- 2021-04-23 09:37:42
2021-04-23 09:37:42 unfollow button cliccato -- 2021-04-23 09:37:42
2021-04-23 09:37:53 errore: elemento non trovato -- 2021-04-23 09:37:53
2021-04-23 09:37:53 unfollow button cliccato -- 2021-04-23 09:37:53
2021-04-23 09:38:03 errore: elemento non trovato -- 2021-04-23 09:38:03
2021-04-23 09:38:03 unfollow button cliccato -- 2021-04-23 09:38:03
2021-04-23 09:38:14 errore: elemento non trovato -- 2021-04-23 09:38:14
2021-04-23 09:38:14 unfollow button cliccato -- 2021-04-23 09:38:14
2021-04-23 09:38:25 errore: elemento non trovato -- 2021-04-23 09:38:25
2021-04-23 09:38:25 unfollow button cliccato -- 2021-04-23 09:38:25
2021-04-23 09:38:35 errore: elemento non trovato -- 2021-04-23 09:38:35
2021-04-23 09:38:36 unfollow button cliccato -- 2021-04-23 09:38:36
2021-04-23 09:38:46 errore: elemento non trovato -- 2021-04-23 09:38:46
2021-04-23 09:38:46 unfollow button cliccato -- 2021-04-23 09:38:46
2021-04-23 09:38:57 errore: elemento non trovato -- 2021-04-23 09:38:57
2021-04-23 09:38:57 unfollow button cliccato -- 2021-04-23 09:38:57
2021-04-23 09:39:08 errore: elemento non trovato -- 2021-04-23 09:39:08
2021-04-23 09:39:08 unfollow button cliccato -- 2021-04-23 09:39:08
2021-04-23 09:39:18 errore: elemento non trovato -- 2021-04-23 09:39:18
2021-04-23 09:39:19 unfollow button cliccato -- 2021-04-23 09:39:19
2021-04-23 09:39:29 errore: elemento non trovato -- 2021-04-23 09:39:29
2021-04-23 09:39:29 unfollow button cliccato -- 2021-04-23 09:39:29
2021-04-23 09:39:40 errore: elemento non trovato -- 2021-04-23 09:39:40
2021-04-23 09:39:40 unfollow button cliccato -- 2021-04-23 09:39:40
2021-04-23 09:39:51 errore: elemento non trovato -- 2021-04-23 09:39:51
2021-04-23 09:39:51 unfollow button cliccato -- 2021-04-23 09:39:51
2021-04-23 09:40:01 errore: elemento non trovato -- 2021-04-23 09:40:01
2021-04-23 09:40:01 unfollow button cliccato -- 2021-04-23 09:40:01
2021-04-23 09:40:12 errore: elemento non trovato -- 2021-04-23 09:40:12
2021-04-23 09:40:12 unfollow button cliccato -- 2021-04-23 09:40:12
2021-04-23 09:40:23 errore: elemento non trovato -- 2021-04-23 09:40:23
2021-04-23 09:40:23 unfollow button cliccato -- 2021-04-23 09:40:23
2021-04-23 09:40:33 errore: elemento non trovato -- 2021-04-23 09:40:33
2021-04-23 09:40:34 unfollow button cliccato -- 2021-04-23 09:40:34
2021-04-23 09:40:44 errore: elemento non trovato -- 2021-04-23 09:40:44
2021-04-23 09:40:45 unfollow button cliccato -- 2021-04-23 09:40:45
2021-04-23 09:40:55 errore: elemento non trovato -- 2021-04-23 09:40:55
2021-04-23 09:40:55 unfollow button cliccato -- 2021-04-23 09:40:55
2021-04-23 09:41:06 errore: elemento non trovato -- 2021-04-23 09:41:06
2021-04-23 09:41:06 unfollow button cliccato -- 2021-04-23 09:41:06
2021-04-23 09:41:17 errore: elemento non trovato -- 2021-04-23 09:41:17
2021-04-23 09:41:17 unfollow button cliccato -- 2021-04-23 09:41:17
2021-04-23 09:41:27 errore: elemento non trovato -- 2021-04-23 09:41:27
2021-04-23 09:41:27 unfollow button cliccato -- 2021-04-23 09:41:27
2021-04-23 09:41:38 errore: elemento non trovato -- 2021-04-23 09:41:38
2021-04-23 09:41:38 unfollow button cliccato -- 2021-04-23 09:41:38
2021-04-23 09:41:49 errore: elemento non trovato -- 2021-04-23 09:41:49
2021-04-23 09:41:49 unfollow button cliccato -- 2021-04-23 09:41:49
2021-04-23 09:41:59 errore: elemento non trovato -- 2021-04-23 09:41:59
2021-04-23 09:42:00 unfollow button cliccato -- 2021-04-23 09:42:00
2021-04-23 09:42:10 errore: elemento non trovato -- 2021-04-23 09:42:10
2021-04-23 09:42:10 unfollow button cliccato -- 2021-04-23 09:42:10
2021-04-23 09:42:21 errore: elemento non trovato -- 2021-04-23 09:42:21
2021-04-23 09:42:21 unfollow button cliccato -- 2021-04-23 09:42:21
2021-04-23 09:42:32 errore: elemento non trovato -- 2021-04-23 09:42:32
2021-04-23 09:42:32 unfollow button cliccato -- 2021-04-23 09:42:32
2021-04-23 09:42:42 errore: elemento non trovato -- 2021-04-23 09:42:42
2021-04-23 09:42:42 unfollow button cliccato -- 2021-04-23 09:42:42
2021-04-23 09:42:53 errore: elemento non trovato -- 2021-04-23 09:42:53
2021-04-23 09:42:53 unfollow button cliccato -- 2021-04-23 09:42:53
2021-04-23 09:43:04 errore: elemento non trovato -- 2021-04-23 09:43:04
2021-04-23 09:43:04 unfollow button cliccato -- 2021-04-23 09:43:04
2021-04-23 09:43:15 errore: elemento non trovato -- 2021-04-23 09:43:15
2021-04-23 09:43:15 unfollow button cliccato -- 2021-04-23 09:43:15
2021-04-23 09:43:25 errore: elemento non trovato -- 2021-04-23 09:43:25
2021-04-23 09:43:26 unfollow button cliccato -- 2021-04-23 09:43:26
2021-04-23 09:43:36 errore: elemento non trovato -- 2021-04-23 09:43:36
2021-04-23 09:43:36 unfollow button cliccato -- 2021-04-23 09:43:36
2021-04-23 09:43:47 errore: elemento non trovato -- 2021-04-23 09:43:47
2021-04-23 09:43:47 unfollow button cliccato -- 2021-04-23 09:43:47
2021-04-23 09:43:52 Non seguire piu button cliccato -- 2021-04-23 09:43:52
2021-04-23 09:43:53 follow button cliccato -- 2021-04-23 09:43:53
2021-04-23 09:45:33 fine countdown -- 2021-04-23 09:45:33
2021-04-23 09:45:33 unfollow button cliccato -- 2021-04-23 09:45:33
2021-04-23 09:45:43 errore: elemento non trovato -- 2021-04-23 09:45:43
2021-04-23 09:45:43 unfollow button cliccato -- 2021-04-23 09:45:43
2021-04-23 09:45:54 errore: elemento non trovato -- 2021-04-23 09:45:54
2021-04-23 09:45:54 unfollow button cliccato -- 2021-04-23 09:45:54
2021-04-23 09:46:05 errore: elemento non trovato -- 2021-04-23 09:46:05
2021-04-23 09:46:05 unfollow button cliccato -- 2021-04-23 09:46:05
2021-04-23 09:46:16 errore: elemento non trovato -- 2021-04-23 09:46:16
2021-04-23 09:46:16 unfollow button cliccato -- 2021-04-23 09:46:16
2021-04-23 09:46:26 errore: elemento non trovato -- 2021-04-23 09:46:26
2021-04-23 09:46:26 unfollow button cliccato -- 2021-04-23 09:46:26
2021-04-23 09:46:37 errore: elemento non trovato -- 2021-04-23 09:46:37
2021-04-23 09:46:37 unfollow button cliccato -- 2021-04-23 09:46:37
2021-04-23 09:46:48 errore: elemento non trovato -- 2021-04-23 09:46:48
2021-04-23 09:46:48 unfollow button cliccato -- 2021-04-23 09:46:48
2021-04-23 09:46:58 errore: elemento non trovato -- 2021-04-23 09:46:58
2021-04-23 09:46:59 unfollow button cliccato -- 2021-04-23 09:46:59
2021-04-23 09:47:09 errore: elemento non trovato -- 2021-04-23 09:47:09
2021-04-23 09:47:10 unfollow button cliccato -- 2021-04-23 09:47:10
2021-04-23 09:47:20 errore: elemento non trovato -- 2021-04-23 09:47:20
2021-04-23 09:47:20 unfollow button cliccato -- 2021-04-23 09:47:20
2021-04-23 09:47:31 errore: elemento non trovato -- 2021-04-23 09:47:31
2021-04-23 09:47:31 unfollow button cliccato -- 2021-04-23 09:47:31
2021-04-23 09:47:42 errore: elemento non trovato -- 2021-04-23 09:47:42
2021-04-23 09:47:42 unfollow button cliccato -- 2021-04-23 09:47:42
2021-04-23 09:47:52 errore: elemento non trovato -- 2021-04-23 09:47:52
2021-04-23 09:47:52 unfollow button cliccato -- 2021-04-23 09:47:52
2021-04-23 09:48:03 errore: elemento non trovato -- 2021-04-23 09:48:03
2021-04-23 09:48:03 unfollow button cliccato -- 2021-04-23 09:48:03
2021-04-23 09:48:14 errore: elemento non trovato -- 2021-04-23 09:48:14
2021-04-23 09:48:14 unfollow button cliccato -- 2021-04-23 09:48:14
Ora di inizio:  2021-04-23 09:48:31 
effettuato il login a:  gabriele_caldi -- 2021-04-23 09:48:31
2021-04-23 09:48:31  cookie accettati -- 2021-04-23 09:48:31
2021-04-23 09:48:32  credenziali inviate -- 2021-04-23 09:48:32
2021-04-23 09:48:40 pulsante notifica cliccato -- 2021-04-23 09:48:40
2021-04-23 09:48:42 unfollow button cliccato -- 2021-04-23 09:48:42
2021-04-23 09:48:43 Non seguire piu button cliccato -- 2021-04-23 09:48:43
2021-04-23 09:48:43 follow button cliccato -- 2021-04-23 09:48:43
2021-04-23 09:50:22 fine countdown -- 2021-04-23 09:50:22
2021-04-23 09:50:22 unfollow button cliccato -- 2021-04-23 09:50:22
2021-04-23 09:50:23 Non seguire piu button cliccato -- 2021-04-23 09:50:23
2021-04-23 09:50:23 follow button cliccato -- 2021-04-23 09:50:23
2021-04-23 09:52:07 fine countdown -- 2021-04-23 09:52:07
2021-04-23 09:52:10 unfollow button cliccato -- 2021-04-23 09:52:10
2021-04-23 09:52:14 Non seguire piu button cliccato -- 2021-04-23 09:52:14
2021-04-23 09:52:14 follow button cliccato -- 2021-04-23 09:52:14
Ora di inizio:  2021-04-23 09:52:29 
effettuato il login a:  gabriele_caldi -- 2021-04-23 09:52:29
2021-04-23 09:52:29  cookie accettati -- 2021-04-23 09:52:29
2021-04-23 09:52:31  credenziali inviate -- 2021-04-23 09:52:31
2021-04-23 09:52:39 pulsante notifica cliccato -- 2021-04-23 09:52:39
2021-04-23 09:52:42 unfollow button cliccato -- 2021-04-23 09:52:42
2021-04-23 09:52:42 Non seguire piu button cliccato -- 2021-04-23 09:52:42
2021-04-23 09:52:42 follow button cliccato -- 2021-04-23 09:52:42
2021-04-23 09:54:34 fine countdown -- 2021-04-23 09:54:34
2021-04-23 09:54:35 unfollow button cliccato -- 2021-04-23 09:54:35
2021-04-23 09:54:35 Non seguire piu button cliccato -- 2021-04-23 09:54:35
2021-04-23 09:54:35 follow button cliccato -- 2021-04-23 09:54:35
Ora di inizio:  2021-04-23 09:55:12 
effettuato il login a:  gabriele_caldi -- 2021-04-23 09:55:12
2021-04-23 09:55:12  cookie accettati -- 2021-04-23 09:55:12
2021-04-23 09:55:13  credenziali inviate -- 2021-04-23 09:55:13
2021-04-23 09:55:20 pulsante notifica cliccato -- 2021-04-23 09:55:20
2021-04-23 09:55:23 unfollow button cliccato -- 2021-04-23 09:55:23
2021-04-23 09:55:23 Non seguire piu button cliccato -- 2021-04-23 09:55:23
2021-04-23 09:55:24 follow button cliccato -- 2021-04-23 09:55:24
2021-04-23 09:56:59 fine countdown -- 2021-04-23 09:56:59
2021-04-23 09:56:59 unfollow button cliccato -- 2021-04-23 09:56:59
2021-04-23 09:56:59 Non seguire piu button cliccato -- 2021-04-23 09:56:59
2021-04-23 09:56:59 follow button cliccato -- 2021-04-23 09:56:59
2021-04-23 09:58:36 fine countdown -- 2021-04-23 09:58:36
2021-04-23 09:58:36 unfollow button cliccato -- 2021-04-23 09:58:36
2021-04-23 09:58:36 Non seguire piu button cliccato -- 2021-04-23 09:58:36
2021-04-23 09:58:36 follow button cliccato -- 2021-04-23 09:58:36
2021-04-23 10:00:29 fine countdown -- 2021-04-23 10:00:29
2021-04-23 10:00:29 unfollow button cliccato -- 2021-04-23 10:00:29
2021-04-23 10:00:29 Non seguire piu button cliccato -- 2021-04-23 10:00:29
2021-04-23 10:00:30 follow button cliccato -- 2021-04-23 10:00:30
2021-04-23 10:02:06 fine countdown -- 2021-04-23 10:02:06
2021-04-23 10:02:06 unfollow button cliccato -- 2021-04-23 10:02:06
2021-04-23 10:02:16 errore: elemento non trovato -- 2021-04-23 10:02:16
2021-04-23 10:02:16 unfollow button cliccato -- 2021-04-23 10:02:16
2021-04-23 10:02:27 errore: elemento non trovato -- 2021-04-23 10:02:27
2021-04-23 10:02:27 unfollow button cliccato -- 2021-04-23 10:02:27
Ora di inizio:  2021-04-23 10:02:37 
effettuato il login a:  gabriele_caldi -- 2021-04-23 10:02:37
2021-04-23 10:02:37  cookie accettati -- 2021-04-23 10:02:37
2021-04-23 10:02:38  credenziali inviate -- 2021-04-23 10:02:38
2021-04-23 10:02:46 pulsante notifica cliccato -- 2021-04-23 10:02:46
2021-04-23 10:02:48 unfollow button cliccato -- 2021-04-23 10:02:48
2021-04-23 10:02:59 errore: elemento non trovato -- 2021-04-23 10:02:59
Ora di inizio:  2021-04-23 10:04:09 
effettuato il login a:  gabriele_caldi -- 2021-04-23 10:04:09
2021-04-23 10:04:09  cookie accettati -- 2021-04-23 10:04:09
2021-04-23 10:04:10  credenziali inviate -- 2021-04-23 10:04:10
2021-04-23 10:04:18 pulsante notifica cliccato -- 2021-04-23 10:04:18
2021-04-23 10:04:21 unfollow button cliccato -- 2021-04-23 10:04:21
2021-04-23 10:04:21 Non seguire piu button cliccato -- 2021-04-23 10:04:21
2021-04-23 10:04:21 follow button cliccato -- 2021-04-23 10:04:21
2021-04-23 10:06:10 fine countdown -- 2021-04-23 10:06:10
2021-04-23 10:06:11 unfollow button cliccato -- 2021-04-23 10:06:11
2021-04-23 10:06:21 errore: elemento non trovato -- 2021-04-23 10:06:21
2021-04-23 10:06:21 unfollow button cliccato -- 2021-04-23 10:06:21
2021-04-23 10:06:32 errore: elemento non trovato -- 2021-04-23 10:06:32
2021-04-23 10:06:32 unfollow button cliccato -- 2021-04-23 10:06:32
2021-04-23 10:06:42 errore: elemento non trovato -- 2021-04-23 10:06:42
2021-04-23 10:06:42 unfollow button cliccato -- 2021-04-23 10:06:42
2021-04-23 10:06:53 errore: elemento non trovato -- 2021-04-23 10:06:53
2021-04-23 10:06:53 unfollow button cliccato -- 2021-04-23 10:06:53
2021-04-23 10:07:03 errore: elemento non trovato -- 2021-04-23 10:07:03
2021-04-23 10:07:03 unfollow button cliccato -- 2021-04-23 10:07:03
2021-04-23 10:07:14 errore: elemento non trovato -- 2021-04-23 10:07:14
2021-04-23 10:07:14 unfollow button cliccato -- 2021-04-23 10:07:14
2021-04-23 10:07:25 errore: elemento non trovato -- 2021-04-23 10:07:25
2021-04-23 10:07:25 unfollow button cliccato -- 2021-04-23 10:07:25
2021-04-23 10:07:35 errore: elemento non trovato -- 2021-04-23 10:07:35
2021-04-23 10:07:35 unfollow button cliccato -- 2021-04-23 10:07:35
2021-04-23 10:07:46 errore: elemento non trovato -- 2021-04-23 10:07:46
2021-04-23 10:07:46 unfollow button cliccato -- 2021-04-23 10:07:46
2021-04-23 10:07:56 errore: elemento non trovato -- 2021-04-23 10:07:56
2021-04-23 10:07:56 unfollow button cliccato -- 2021-04-23 10:07:56
2021-04-23 10:08:07 errore: elemento non trovato -- 2021-04-23 10:08:07
2021-04-23 10:08:07 unfollow button cliccato -- 2021-04-23 10:08:07
2021-04-23 10:08:17 errore: elemento non trovato -- 2021-04-23 10:08:17
2021-04-23 10:08:17 unfollow button cliccato -- 2021-04-23 10:08:17
2021-04-23 10:08:28 errore: elemento non trovato -- 2021-04-23 10:08:28
2021-04-23 10:08:28 unfollow button cliccato -- 2021-04-23 10:08:28
2021-04-23 10:08:39 errore: elemento non trovato -- 2021-04-23 10:08:39
2021-04-23 10:08:39 unfollow button cliccato -- 2021-04-23 10:08:39
2021-04-23 10:08:49 errore: elemento non trovato -- 2021-04-23 10:08:49
2021-04-23 10:08:49 unfollow button cliccato -- 2021-04-23 10:08:49
2021-04-23 10:09:00 errore: elemento non trovato -- 2021-04-23 10:09:00
2021-04-23 10:09:00 unfollow button cliccato -- 2021-04-23 10:09:00
2021-04-23 10:09:11 errore: elemento non trovato -- 2021-04-23 10:09:11
2021-04-23 10:09:11 unfollow button cliccato -- 2021-04-23 10:09:11
2021-04-23 10:09:21 errore: elemento non trovato -- 2021-04-23 10:09:21
2021-04-23 10:09:21 unfollow button cliccato -- 2021-04-23 10:09:21
2021-04-23 10:09:32 errore: elemento non trovato -- 2021-04-23 10:09:32
2021-04-23 10:09:32 unfollow button cliccato -- 2021-04-23 10:09:32
2021-04-23 10:09:42 errore: elemento non trovato -- 2021-04-23 10:09:42
2021-04-23 10:09:42 unfollow button cliccato -- 2021-04-23 10:09:42
2021-04-23 10:09:53 errore: elemento non trovato -- 2021-04-23 10:09:53
2021-04-23 10:09:53 unfollow button cliccato -- 2021-04-23 10:09:53
2021-04-23 10:10:03 errore: elemento non trovato -- 2021-04-23 10:10:03
2021-04-23 10:10:03 unfollow button cliccato -- 2021-04-23 10:10:03
2021-04-23 10:10:14 errore: elemento non trovato -- 2021-04-23 10:10:14
2021-04-23 10:10:14 unfollow button cliccato -- 2021-04-23 10:10:14
2021-04-23 10:10:25 errore: elemento non trovato -- 2021-04-23 10:10:25
2021-04-23 10:10:25 unfollow button cliccato -- 2021-04-23 10:10:25
2021-04-23 10:10:35 errore: elemento non trovato -- 2021-04-23 10:10:35
2021-04-23 10:10:35 unfollow button cliccato -- 2021-04-23 10:10:35
2021-04-23 10:10:46 errore: elemento non trovato -- 2021-04-23 10:10:46
2021-04-23 10:10:46 unfollow button cliccato -- 2021-04-23 10:10:46
Ora di inizio:  2021-04-23 10:12:04 
effettuato il login a:  gabriele_caldi -- 2021-04-23 10:12:04
2021-04-23 10:12:04  cookie accettati -- 2021-04-23 10:12:04
2021-04-23 10:12:05  credenziali inviate -- 2021-04-23 10:12:05
2021-04-23 10:12:13 pulsante notifica cliccato -- 2021-04-23 10:12:13
2021-04-23 10:12:16 unfollow button cliccato -- 2021-04-23 10:12:16
2021-04-23 10:12:16 Non seguire piu button cliccato -- 2021-04-23 10:12:16
2021-04-23 10:12:16 follow button cliccato -- 2021-04-23 10:12:16
2021-04-23 10:13:54 fine countdown -- 2021-04-23 10:13:54
2021-04-23 10:13:54 unfollow button cliccato -- 2021-04-23 10:13:54
2021-04-23 10:13:54 Non seguire piu button cliccato -- 2021-04-23 10:13:54
2021-04-23 10:13:54 follow button cliccato -- 2021-04-23 10:13:54
Ora di inizio:  2021-04-23 11:49:35 
effettuato il login a:  ciccio_ciccio02 -- 2021-04-23 11:49:35
2021-04-23 11:49:36  cookie accettati -- 2021-04-23 11:49:36
2021-04-23 11:49:37  credenziali inviate -- 2021-04-23 11:49:37
Ora di inizio:  2021-04-23 11:50:18 
effettuato il login a:  ciccio_ciccio02 -- 2021-04-23 11:50:18
2021-04-23 11:50:19  cookie accettati -- 2021-04-23 11:50:19
2021-04-23 11:50:20  credenziali inviate -- 2021-04-23 11:50:20
2021-04-23 11:50:24 pulsante notifica cliccato -- 2021-04-23 11:50:24
2021-04-23 11:50:37 follow button cliccato -- 2021-04-23 11:50:37
2021-04-23 11:52:12 fine countdown -- 2021-04-23 11:52:12
2021-04-23 11:52:12 unfollow button cliccato -- 2021-04-23 11:52:12
2021-04-23 11:52:12 Non seguire piu button cliccato -- 2021-04-23 11:52:12
2021-04-23 11:52:12 follow button cliccato -- 2021-04-23 11:52:12
2021-04-23 11:54:06 fine countdown -- 2021-04-23 11:54:06
2021-04-23 11:54:17 errore: elemento non trovato -- 2021-04-23 11:54:17
Ora di inizio:  2021-04-29 08:50:40 
effettuato il login a:  ciccio_ciccio02 -- 2021-04-29 08:50:40
2021-04-29 08:50:40  cookie accettati -- 2021-04-29 08:50:40
Ora di inizio:  2021-04-29 08:52:55 
effettuato il login a:  gabriele_caldi -- 2021-04-29 08:52:55
2021-04-29 08:52:55  cookie accettati -- 2021-04-29 08:52:55
Ora di inizio:  2021-04-29 08:53:20 
effettuato il login a:  gabriele_caldi -- 2021-04-29 08:53:20
2021-04-29 08:53:21  cookie accettati -- 2021-04-29 08:53:21
Ora di inizio:  2021-04-29 08:54:04 
effettuato il login a:  gabriele_caldi -- 2021-04-29 08:54:04
2021-04-29 08:54:04  cookie accettati -- 2021-04-29 08:54:04
2021-04-29 08:54:05  credenziali inviate -- 2021-04-29 08:54:05
2021-04-29 08:54:13 pulsante notifica cliccato -- 2021-04-29 08:54:13
2021-04-29 08:54:29 follow button cliccato -- 2021-04-29 08:54:29
2021-04-29 08:56:29 fine countdown -- 2021-04-29 08:56:29
2021-04-29 08:56:29 unfollow button cliccato -- 2021-04-29 08:56:29
2021-04-29 08:56:29 Non seguire piu button cliccato -- 2021-04-29 08:56:29
2021-04-29 08:56:30 follow button cliccato -- 2021-04-29 08:56:30
2021-04-29 08:58:09 fine countdown -- 2021-04-29 08:58:09
2021-04-29 08:58:19 errore: elemento non trovato -- 2021-04-29 08:58:19
Ora di inizio:  2021-04-30 07:38:23 
effettuato il login a:  ciccio_ciccio02 -- 2021-04-30 07:38:23
2021-04-30 07:38:23  cookie accettati -- 2021-04-30 07:38:23
2021-04-30 07:38:25  credenziali inviate -- 2021-04-30 07:38:25
Ora di inizio:  2021-04-30 07:40:17 
effettuato il login a:  ciccio_ciccio02 -- 2021-04-30 07:40:17
2021-04-30 07:40:17  cookie accettati -- 2021-04-30 07:40:17
2021-04-30 07:40:18  credenziali inviate -- 2021-04-30 07:40:18
2021-04-30 07:40:40 pulsante notifica cliccato -- 2021-04-30 07:40:40
2021-04-30 07:41:04 follow button cliccato -- 2021-04-30 07:41:04
2021-04-30 07:42:46 fine countdown -- 2021-04-30 07:42:46
2021-04-30 07:42:46 unfollow button cliccato -- 2021-04-30 07:42:46
2021-04-30 07:42:47 Non seguire piu button cliccato -- 2021-04-30 07:42:47
2021-04-30 07:42:48 follow button cliccato -- 2021-04-30 07:42:48
2021-04-30 07:44:29 fine countdown -- 2021-04-30 07:44:29
2021-04-30 07:44:29 unfollow button cliccato -- 2021-04-30 07:44:29
2021-04-30 07:44:29 Non seguire piu button cliccato -- 2021-04-30 07:44:29
2021-04-30 07:44:30 follow button cliccato -- 2021-04-30 07:44:30
Ora di inizio:  2021-04-30 07:45:07 
effettuato il login a:  ciccio_ciccio02 -- 2021-04-30 07:45:07
2021-04-30 07:45:07  cookie accettati -- 2021-04-30 07:45:07
2021-04-30 07:45:08  credenziali inviate -- 2021-04-30 07:45:08
2021-04-30 07:45:15 pulsante notifica cliccato -- 2021-04-30 07:45:15
2021-04-30 07:45:18 unfollow button cliccato -- 2021-04-30 07:45:18
2021-04-30 07:45:18 Non seguire piu button cliccato -- 2021-04-30 07:45:18
2021-04-30 07:45:19 follow button cliccato -- 2021-04-30 07:45:19
2021-04-30 07:47:12 fine countdown -- 2021-04-30 07:47:12
2021-04-30 07:47:12 unfollow button cliccato -- 2021-04-30 07:47:12
2021-04-30 07:47:12 Non seguire piu button cliccato -- 2021-04-30 07:47:12
2021-04-30 07:47:12 follow button cliccato -- 2021-04-30 07:47:12
2021-04-30 07:48:49 fine countdown -- 2021-04-30 07:48:49
2021-04-30 07:48:59 errore: elemento non trovato -- 2021-04-30 07:48:59
2021-04-30 07:49:11 errore: elemento non trovato -- 2021-04-30 07:49:11
2021-04-30 07:49:23 errore: elemento non trovato -- 2021-04-30 07:49:23
2021-04-30 07:49:33 follow button cliccato -- 2021-04-30 07:49:33
2021-04-30 07:51:16 fine countdown -- 2021-04-30 07:51:16
2021-04-30 07:51:16 unfollow button cliccato -- 2021-04-30 07:51:16
2021-04-30 07:51:16 Non seguire piu button cliccato -- 2021-04-30 07:51:16
2021-04-30 07:51:17 follow button cliccato -- 2021-04-30 07:51:17
2021-04-30 08:01:41 fine countdown -- 2021-04-30 08:01:41
2021-04-30 08:01:51 errore: elemento non trovato -- 2021-04-30 08:01:51
2021-04-30 08:02:03 errore: elemento non trovato -- 2021-04-30 08:02:03
2021-04-30 08:02:15 errore: elemento non trovato -- 2021-04-30 08:02:15
2021-04-30 08:02:26 errore: elemento non trovato -- 2021-04-30 08:02:26
2021-04-30 08:02:38 errore: elemento non trovato -- 2021-04-30 08:02:38
2021-04-30 08:02:49 errore: elemento non trovato -- 2021-04-30 08:02:49
2021-04-30 08:03:01 errore: elemento non trovato -- 2021-04-30 08:03:01
2021-04-30 08:03:13 errore: elemento non trovato -- 2021-04-30 08:03:13
2021-04-30 08:03:24 errore: elemento non trovato -- 2021-04-30 08:03:24
2021-04-30 08:03:36 errore: elemento non trovato -- 2021-04-30 08:03:36
2021-04-30 08:03:48 errore: elemento non trovato -- 2021-04-30 08:03:48
2021-04-30 08:03:59 errore: elemento non trovato -- 2021-04-30 08:03:59
2021-04-30 08:04:11 errore: elemento non trovato -- 2021-04-30 08:04:11
2021-04-30 08:04:23 errore: elemento non trovato -- 2021-04-30 08:04:23
2021-04-30 08:04:34 errore: elemento non trovato -- 2021-04-30 08:04:34
2021-04-30 08:04:46 errore: elemento non trovato -- 2021-04-30 08:04:46
2021-04-30 08:04:57 errore: elemento non trovato -- 2021-04-30 08:04:57
2021-04-30 08:05:09 errore: elemento non trovato -- 2021-04-30 08:05:09
2021-04-30 08:05:21 errore: elemento non trovato -- 2021-04-30 08:05:21
2021-04-30 08:05:32 errore: elemento non trovato -- 2021-04-30 08:05:32
2021-04-30 08:05:44 errore: elemento non trovato -- 2021-04-30 08:05:44
2021-04-30 08:05:56 errore: elemento non trovato -- 2021-04-30 08:05:56
2021-04-30 08:06:07 errore: elemento non trovato -- 2021-04-30 08:06:07
2021-04-30 08:06:19 errore: elemento non trovato -- 2021-04-30 08:06:19
2021-04-30 08:06:30 errore: elemento non trovato -- 2021-04-30 08:06:30
2021-04-30 08:06:42 errore: elemento non trovato -- 2021-04-30 08:06:42
2021-04-30 08:06:54 errore: elemento non trovato -- 2021-04-30 08:06:54
2021-04-30 08:07:05 errore: elemento non trovato -- 2021-04-30 08:07:05
2021-04-30 08:07:17 errore: elemento non trovato -- 2021-04-30 08:07:17
2021-04-30 08:07:29 errore: elemento non trovato -- 2021-04-30 08:07:29
2021-04-30 08:07:40 errore: elemento non trovato -- 2021-04-30 08:07:40
2021-04-30 08:07:51 follow button cliccato -- 2021-04-30 08:07:51
2021-04-30 08:09:34 fine countdown -- 2021-04-30 08:09:34
2021-04-30 08:09:34 unfollow button cliccato -- 2021-04-30 08:09:34
2021-04-30 08:09:34 Non seguire piu button cliccato -- 2021-04-30 08:09:34
2021-04-30 08:09:34 follow button cliccato -- 2021-04-30 08:09:34
2021-04-30 08:11:17 fine countdown -- 2021-04-30 08:11:17
2021-04-30 08:11:28 errore: elemento non trovato -- 2021-04-30 08:11:28
2021-04-30 08:11:39 errore: elemento non trovato -- 2021-04-30 08:11:39
2021-04-30 08:11:51 errore: elemento non trovato -- 2021-04-30 08:11:51
2021-04-30 08:12:03 errore: elemento non trovato -- 2021-04-30 08:12:03
2021-04-30 08:12:14 errore: elemento non trovato -- 2021-04-30 08:12:14
2021-04-30 08:12:26 errore: elemento non trovato -- 2021-04-30 08:12:26
2021-04-30 08:12:36 follow button cliccato -- 2021-04-30 08:12:36
2021-04-30 08:14:15 fine countdown -- 2021-04-30 08:14:15
2021-04-30 08:14:16 unfollow button cliccato -- 2021-04-30 08:14:16
2021-04-30 08:14:16 Non seguire piu button cliccato -- 2021-04-30 08:14:16
2021-04-30 08:14:16 follow button cliccato -- 2021-04-30 08:14:16
2021-04-30 08:15:59 fine countdown -- 2021-04-30 08:15:59
2021-04-30 08:16:09 errore: elemento non trovato -- 2021-04-30 08:16:09
2021-04-30 08:16:21 errore: elemento non trovato -- 2021-04-30 08:16:21
2021-04-30 08:16:32 errore: elemento non trovato -- 2021-04-30 08:16:32
2021-04-30 08:16:44 errore: elemento non trovato -- 2021-04-30 08:16:44
2021-04-30 08:16:56 errore: elemento non trovato -- 2021-04-30 08:16:56
2021-04-30 08:17:07 errore: elemento non trovato -- 2021-04-30 08:17:07
2021-04-30 08:17:19 errore: elemento non trovato -- 2021-04-30 08:17:19
2021-04-30 08:17:31 errore: elemento non trovato -- 2021-04-30 08:17:31
2021-04-30 08:17:42 errore: elemento non trovato -- 2021-04-30 08:17:42
2021-04-30 08:17:54 errore: elemento non trovato -- 2021-04-30 08:17:54
2021-04-30 08:18:05 errore: elemento non trovato -- 2021-04-30 08:18:05
2021-04-30 08:18:17 errore: elemento non trovato -- 2021-04-30 08:18:17
2021-04-30 08:18:29 errore: elemento non trovato -- 2021-04-30 08:18:29
2021-04-30 08:18:40 errore: elemento non trovato -- 2021-04-30 08:18:40
2021-04-30 08:18:52 errore: elemento non trovato -- 2021-04-30 08:18:52
2021-04-30 08:19:03 errore: elemento non trovato -- 2021-04-30 08:19:03
2021-04-30 08:19:15 errore: elemento non trovato -- 2021-04-30 08:19:15
2021-04-30 08:19:27 errore: elemento non trovato -- 2021-04-30 08:19:27
2021-04-30 08:19:38 errore: elemento non trovato -- 2021-04-30 08:19:38
2021-04-30 08:19:50 errore: elemento non trovato -- 2021-04-30 08:19:50
2021-04-30 08:20:02 errore: elemento non trovato -- 2021-04-30 08:20:02
2021-04-30 08:20:13 errore: elemento non trovato -- 2021-04-30 08:20:13
2021-04-30 08:20:25 errore: elemento non trovato -- 2021-04-30 08:20:25
2021-04-30 08:20:36 errore: elemento non trovato -- 2021-04-30 08:20:36
2021-04-30 08:20:48 errore: elemento non trovato -- 2021-04-30 08:20:48
2021-04-30 08:21:00 errore: elemento non trovato -- 2021-04-30 08:21:00
2021-04-30 08:21:11 errore: elemento non trovato -- 2021-04-30 08:21:11
2021-04-30 08:21:23 errore: elemento non trovato -- 2021-04-30 08:21:23
2021-04-30 08:21:35 errore: elemento non trovato -- 2021-04-30 08:21:35
2021-04-30 08:21:46 errore: elemento non trovato -- 2021-04-30 08:21:46
2021-04-30 08:21:58 errore: elemento non trovato -- 2021-04-30 08:21:58
2021-04-30 08:22:10 errore: elemento non trovato -- 2021-04-30 08:22:10
2021-04-30 08:22:21 errore: elemento non trovato -- 2021-04-30 08:22:21
2021-04-30 08:22:33 errore: elemento non trovato -- 2021-04-30 08:22:33
2021-04-30 08:22:44 errore: elemento non trovato -- 2021-04-30 08:22:44
2021-04-30 08:22:56 errore: elemento non trovato -- 2021-04-30 08:22:56
2021-04-30 08:23:08 errore: elemento non trovato -- 2021-04-30 08:23:08
2021-04-30 08:23:19 errore: elemento non trovato -- 2021-04-30 08:23:19
2021-04-30 08:23:31 errore: elemento non trovato -- 2021-04-30 08:23:31
2021-04-30 08:23:42 errore: elemento non trovato -- 2021-04-30 08:23:42
2021-04-30 08:23:54 errore: elemento non trovato -- 2021-04-30 08:23:54
2021-04-30 08:24:06 errore: elemento non trovato -- 2021-04-30 08:24:06
2021-04-30 08:24:17 errore: elemento non trovato -- 2021-04-30 08:24:17
2021-04-30 08:24:29 errore: elemento non trovato -- 2021-04-30 08:24:29
2021-04-30 08:24:40 errore: elemento non trovato -- 2021-04-30 08:24:40
2021-04-30 08:24:52 errore: elemento non trovato -- 2021-04-30 08:24:52
2021-04-30 08:25:04 errore: elemento non trovato -- 2021-04-30 08:25:04
2021-04-30 08:25:15 errore: elemento non trovato -- 2021-04-30 08:25:15
2021-04-30 08:25:27 errore: elemento non trovato -- 2021-04-30 08:25:27
2021-04-30 08:25:38 errore: elemento non trovato -- 2021-04-30 08:25:38
2021-04-30 08:25:50 errore: elemento non trovato -- 2021-04-30 08:25:50
2021-04-30 08:26:02 errore: elemento non trovato -- 2021-04-30 08:26:02
2021-04-30 08:26:13 errore: elemento non trovato -- 2021-04-30 08:26:13
2021-04-30 08:26:25 errore: elemento non trovato -- 2021-04-30 08:26:25
2021-04-30 08:26:36 errore: elemento non trovato -- 2021-04-30 08:26:36
2021-04-30 08:26:48 errore: elemento non trovato -- 2021-04-30 08:26:48
2021-04-30 08:27:00 errore: elemento non trovato -- 2021-04-30 08:27:00
2021-04-30 08:27:11 errore: elemento non trovato -- 2021-04-30 08:27:11
2021-04-30 08:27:23 errore: elemento non trovato -- 2021-04-30 08:27:23
2021-04-30 08:27:35 errore: elemento non trovato -- 2021-04-30 08:27:35
2021-04-30 08:27:46 errore: elemento non trovato -- 2021-04-30 08:27:46
2021-04-30 08:27:58 errore: elemento non trovato -- 2021-04-30 08:27:58
2021-04-30 08:28:09 errore: elemento non trovato -- 2021-04-30 08:28:09
2021-04-30 08:28:21 errore: elemento non trovato -- 2021-04-30 08:28:21
2021-04-30 08:28:33 errore: elemento non trovato -- 2021-04-30 08:28:33
2021-04-30 08:28:44 errore: elemento non trovato -- 2021-04-30 08:28:44
2021-04-30 08:28:56 errore: elemento non trovato -- 2021-04-30 08:28:56
2021-04-30 08:29:07 errore: elemento non trovato -- 2021-04-30 08:29:07
2021-04-30 08:29:19 errore: elemento non trovato -- 2021-04-30 08:29:19
2021-04-30 08:29:31 errore: elemento non trovato -- 2021-04-30 08:29:31
2021-04-30 08:29:42 errore: elemento non trovato -- 2021-04-30 08:29:42
2021-04-30 08:29:54 errore: elemento non trovato -- 2021-04-30 08:29:54
2021-04-30 08:30:05 errore: elemento non trovato -- 2021-04-30 08:30:05
2021-04-30 08:30:17 errore: elemento non trovato -- 2021-04-30 08:30:17
2021-04-30 08:30:29 errore: elemento non trovato -- 2021-04-30 08:30:29
2021-04-30 08:30:40 errore: elemento non trovato -- 2021-04-30 08:30:40
2021-04-30 08:30:52 errore: elemento non trovato -- 2021-04-30 08:30:52
2021-04-30 08:31:03 errore: elemento non trovato -- 2021-04-30 08:31:03
2021-04-30 08:31:15 errore: elemento non trovato -- 2021-04-30 08:31:15
2021-04-30 08:31:27 errore: elemento non trovato -- 2021-04-30 08:31:27
2021-04-30 08:31:38 errore: elemento non trovato -- 2021-04-30 08:31:38
2021-04-30 08:31:50 errore: elemento non trovato -- 2021-04-30 08:31:50
2021-04-30 08:32:01 errore: elemento non trovato -- 2021-04-30 08:32:01
2021-04-30 08:32:13 errore: elemento non trovato -- 2021-04-30 08:32:13
2021-04-30 08:32:25 errore: elemento non trovato -- 2021-04-30 08:32:25
2021-04-30 08:32:36 errore: elemento non trovato -- 2021-04-30 08:32:36
2021-04-30 08:32:48 errore: elemento non trovato -- 2021-04-30 08:32:48
2021-04-30 08:32:59 errore: elemento non trovato -- 2021-04-30 08:32:59
2021-04-30 08:33:11 errore: elemento non trovato -- 2021-04-30 08:33:11
2021-04-30 08:33:22 follow button cliccato -- 2021-04-30 08:33:22
2021-04-30 08:35:12 fine countdown -- 2021-04-30 08:35:12
2021-04-30 08:35:12 unfollow button cliccato -- 2021-04-30 08:35:12
2021-04-30 08:35:12 Non seguire piu button cliccato -- 2021-04-30 08:35:12
2021-04-30 08:35:12 follow button cliccato -- 2021-04-30 08:35:12
Ora di inizio:  2021-04-30 08:37:05 
effettuato il login a:  ciccio_ciccio02 -- 2021-04-30 08:37:05
Ora di inizio:  2021-04-30 08:39:35 
effettuato il login a:  ciccio_ciccio02 -- 2021-04-30 08:39:35
2021-04-30 08:39:35  cookie accettati -- 2021-04-30 08:39:35
2021-04-30 08:39:36  credenziali inviate -- 2021-04-30 08:39:36
2021-04-30 08:39:41 pulsante notifica cliccato -- 2021-04-30 08:39:41
Ora di inizio:  2021-04-30 08:59:19 
effettuato il login a:  ciccio_ciccio02 -- 2021-04-30 08:59:19
2021-04-30 08:59:19  cookie accettati -- 2021-04-30 08:59:19
2021-04-30 08:59:20  credenziali inviate -- 2021-04-30 08:59:20
2021-04-30 08:59:26 pulsante notifica cliccato -- 2021-04-30 08:59:26
2021-04-30 08:59:29 unfollow button cliccato -- 2021-04-30 08:59:29
2021-04-30 08:59:29 Non seguire piu button cliccato -- 2021-04-30 08:59:29
2021-04-30 08:59:29 follow button cliccato -- 2021-04-30 08:59:29
Ora di inizio:  2021-04-30 09:00:30 
effettuato il login a:  ciccio_ciccio02 -- 2021-04-30 09:00:30
2021-04-30 09:00:30  cookie accettati -- 2021-04-30 09:00:30
2021-04-30 09:00:31  credenziali inviate -- 2021-04-30 09:00:31
2021-04-30 09:00:37 pulsante notifica cliccato -- 2021-04-30 09:00:37
2021-04-30 09:00:39 unfollow button cliccato -- 2021-04-30 09:00:39
2021-04-30 09:00:39 Non seguire piu button cliccato -- 2021-04-30 09:00:39
2021-04-30 09:00:39 follow button cliccato -- 2021-04-30 09:00:39
Ora di inizio:  2021-04-30 09:01:49 
effettuato il login a:  ciccio_ciccio02 -- 2021-04-30 09:01:49
2021-04-30 09:01:49  cookie accettati -- 2021-04-30 09:01:49
2021-04-30 09:01:50  credenziali inviate -- 2021-04-30 09:01:50
2021-04-30 09:01:58 pulsante notifica cliccato -- 2021-04-30 09:01:58
2021-04-30 09:02:00 unfollow button cliccato -- 2021-04-30 09:02:00
2021-04-30 09:02:00 Non seguire piu button cliccato -- 2021-04-30 09:02:00
2021-04-30 09:02:00 follow button cliccato -- 2021-04-30 09:02:00
